Arguments: 
  /Users/donmccurdy/.nvm/versions/node/v14.21.0/bin/node /Users/donmccurdy/.nvm/versions/node/v14.21.0/bin/yarn add @microsoft/api-extractor-model @microsoft/tsconfig marked highlight.js

PATH: 
  /opt/homebrew/Cellar/opencolorio/2.2.0/bin:/Users/donmccurdy/.nvm/versions/node/v14.21.0/bin:/Applications/Sublime Text.app/Contents/SharedSupport/bin:/opt/homebrew/bin:/opt/homebrew/sbin:/usr/local/bin:/System/Cryptexes/App/usr/bin:/usr/bin:/bin:/usr/sbin:/sbin:/Users/donmccurdy/.cargo/bin:/Users/donmccurdy/.fig/bin:/Users/donmccurdy/.local/bin:/Users/donmccurdy/.bin

Yarn version: 
  1.22.19

Node version: 
  14.21.0

Platform: 
  darwin arm64

Trace: 
  Error: https://registry.yarnpkg.com/@microsoft%2ftsconfig: Not found
      at Request.params.callback [as _callback] (/Users/donmccurdy/.nvm/versions/node/v14.21.0/lib/node_modules/yarn/lib/cli.js:66145:18)
      at Request.self.callback (/Users/donmccurdy/.nvm/versions/node/v14.21.0/lib/node_modules/yarn/lib/cli.js:140890:22)
      at Request.emit (events.js:400:28)
      at Request.<anonymous> (/Users/donmccurdy/.nvm/versions/node/v14.21.0/lib/node_modules/yarn/lib/cli.js:141862:10)
      at Request.emit (events.js:400:28)
      at IncomingMessage.<anonymous> (/Users/donmccurdy/.nvm/versions/node/v14.21.0/lib/node_modules/yarn/lib/cli.js:141784:12)
      at Object.onceWrapper (events.js:519:28)
      at IncomingMessage.emit (events.js:412:35)
      at endReadableNT (internal/streams/readable.js:1333:12)
      at processTicksAndRejections (internal/process/task_queues.js:82:21)

npm manifest: 
  {
    "name": "@greendoc/parse",
    "version": "0.0.0",
    "main": "dist/greendoc-parse.js",
    "repository": "https://github.com/donmccurdy/greendoc",
    "author": "Don McCurdy <dm@donmccurdy.com>",
    "license": "MIT"
  }

yarn manifest: 
  No manifest

Lockfile: 
  No lockfile
